2019-01-22 21:57:01,303 [DEBUG] org.apache.http.impl.conn.BasicClientConnectionManager  - Get connection for route {s}->https://api.gelato.com:443
2019-01-22 21:57:01,410 [DEBUG] org.apache.http.impl.conn.DefaultClientConnectionOperator  - Connecting to api.gelato.com:443
2019-01-22 21:57:02,652 [DEBUG] org.apache.http.client.protocol.RequestAddCookies  - CookieSpec selected: ignoreCookies
2019-01-22 21:57:02,656 [DEBUG] org.apache.http.client.protocol.RequestAuthCache  - Auth cache not set in the context
2019-01-22 21:57:02,657 [DEBUG] org.apache.http.client.protocol.RequestTargetAuthentication  - Target auth state: UNCHALLENGED
2019-01-22 21:57:02,660 [DEBUG] org.apache.http.client.protocol.RequestProxyAuthentication  - Proxy auth state: UNCHALLENGED
2019-01-22 21:57:02,662 [DEBUG] org.apache.http.impl.client.DefaultHttpClient  - Attempt 1 to execute request
2019-01-22 21:57:02,663 [DEBUG] org.apache.http.impl.conn.DefaultClientConnection  - Sending request: POST /v1/quote/quote HTTP/1.1
2019-01-22 21:57:02,665 [DEBUG] org.apache.http.wire  -  >> "POST /v1/quote/quote HTTP/1.1[\r][\n]"
2019-01-22 21:57:02,667 [DEBUG] org.apache.http.wire  -  >> "Accept: */*[\r][\n]"
2019-01-22 21:57:02,668 [DEBUG] org.apache.http.wire  -  >> "Content-Type: application/json; charset=UTF-8[\r][\n]"
2019-01-22 21:57:02,668 [DEBUG] org.apache.http.wire  -  >> "Content-Length: 7[\r][\n]"
2019-01-22 21:57:02,668 [DEBUG] org.apache.http.wire  -  >> "Host: api.gelato.com[\r][\n]"
2019-01-22 21:57:02,668 [DEBUG] org.apache.http.wire  -  >> "Connection: Keep-Alive[\r][\n]"
2019-01-22 21:57:02,668 [DEBUG] org.apache.http.wire  -  >> "User-Agent: Apache-HttpClient/4.5.3 (Java/1.8.0_131)[\r][\n]"
2019-01-22 21:57:02,668 [DEBUG] org.apache.http.wire  -  >> "Accept-Encoding: gzip,deflate[\r][\n]"
2019-01-22 21:57:02,668 [DEBUG] org.apache.http.wire  -  >> "[\r][\n]"
2019-01-22 21:57:02,668 [DEBUG] org.apache.http.headers  - >> POST /v1/quote/quote HTTP/1.1
2019-01-22 21:57:02,669 [DEBUG] org.apache.http.headers  - >> Accept: */*
2019-01-22 21:57:02,669 [DEBUG] org.apache.http.headers  - >> Content-Type: application/json; charset=UTF-8
2019-01-22 21:57:02,669 [DEBUG] org.apache.http.headers  - >> Content-Length: 7
2019-01-22 21:57:02,669 [DEBUG] org.apache.http.headers  - >> Host: api.gelato.com
2019-01-22 21:57:02,669 [DEBUG] org.apache.http.headers  - >> Connection: Keep-Alive
2019-01-22 21:57:02,669 [DEBUG] org.apache.http.headers  - >> User-Agent: Apache-HttpClient/4.5.3 (Java/1.8.0_131)
2019-01-22 21:57:02,669 [DEBUG] org.apache.http.headers  - >> Accept-Encoding: gzip,deflate
2019-01-22 21:57:02,670 [DEBUG] org.apache.http.wire  -  >> "headers"
2019-01-22 21:57:02,827 [DEBUG] org.apache.http.wire  -  << "HTTP/1.1 403 Forbidden[\r][\n]"
2019-01-22 21:57:02,833 [DEBUG] org.apache.http.wire  -  << "Date: Tue, 22 Jan 2019 16:27:01 GMT[\r][\n]"
2019-01-22 21:57:02,833 [DEBUG] org.apache.http.wire  -  << "Content-Type: application/json[\r][\n]"
2019-01-22 21:57:02,833 [DEBUG] org.apache.http.wire  -  << "Content-Length: 42[\r][\n]"
2019-01-22 21:57:02,833 [DEBUG] org.apache.http.wire  -  << "Connection: keep-alive[\r][\n]"
2019-01-22 21:57:02,834 [DEBUG] org.apache.http.wire  -  << "x-amzn-RequestId: 8c37dc26-1e62-11e9-9f5a-b7a28145a196[\r][\n]"
2019-01-22 21:57:02,834 [DEBUG] org.apache.http.wire  -  << "x-amzn-ErrorType: MissingAuthenticationTokenException[\r][\n]"
2019-01-22 21:57:02,834 [DEBUG] org.apache.http.wire  -  << "x-amz-apigw-id: T6edbFJLDoEFXGg=[\r][\n]"
2019-01-22 21:57:02,834 [DEBUG] org.apache.http.wire  -  << "[\r][\n]"
2019-01-22 21:57:02,836 [DEBUG] org.apache.http.impl.conn.DefaultClientConnection  - Receiving response: HTTP/1.1 403 Forbidden
2019-01-22 21:57:02,837 [DEBUG] org.apache.http.headers  - << HTTP/1.1 403 Forbidden
2019-01-22 21:57:02,837 [DEBUG] org.apache.http.headers  - << Date: Tue, 22 Jan 2019 16:27:01 GMT
2019-01-22 21:57:02,837 [DEBUG] org.apache.http.headers  - << Content-Type: application/json
2019-01-22 21:57:02,837 [DEBUG] org.apache.http.headers  - << Content-Length: 42
2019-01-22 21:57:02,837 [DEBUG] org.apache.http.headers  - << Connection: keep-alive
2019-01-22 21:57:02,862 [DEBUG] org.apache.http.headers  - << x-amzn-RequestId: 8c37dc26-1e62-11e9-9f5a-b7a28145a196
2019-01-22 21:57:02,862 [DEBUG] org.apache.http.headers  - << x-amzn-ErrorType: MissingAuthenticationTokenException
2019-01-22 21:57:02,862 [DEBUG] org.apache.http.headers  - << x-amz-apigw-id: T6edbFJLDoEFXGg=
2019-01-22 21:57:02,868 [DEBUG] org.apache.http.impl.client.DefaultHttpClient  - Connection can be kept alive indefinitely
2019-01-22 21:57:02,994 [DEBUG] io.restassured.internal.RequestSpecificationImpl$RestAssuredHttpBuilder  - Parsing response as: application/json
2019-01-22 21:57:02,995 [DEBUG] io.restassured.internal.RequestSpecificationImpl$RestAssuredHttpBuilder  - Parsed data to instance of: class org.apache.http.conn.EofSensorInputStream
